<?xml version="1.0" encoding="UTF-8"?>
<testng-results skipped="0" failed="0" ignored="0" total="2" passed="2">
  <reporter-output>
  </reporter-output>
  <suite name="Default suite" duration-ms="3117" started-at="2022-06-04T06:36:01Z" finished-at="2022-06-04T06:36:04Z">
    <groups>
    </groups>
    <test name="Default test" duration-ms="3117" started-at="2022-06-04T06:36:01Z" finished-at="2022-06-04T06:36:04Z">
      <class name="restAPIXML.XMLTest">
        <test-method status="PASS" signature="test1()[pri:0, instance:restAPIXML.XMLTest@69b0fd6f]" name="test1" duration-ms="1897" started-at="2022-06-04T06:36:01Z" finished-at="2022-06-04T06:36:03Z">
          <reporter-output>
          </reporter-output>
        </test-method> <!-- test1 -->
        <test-method status="PASS" signature="test2()[pri:0, instance:restAPIXML.XMLTest@69b0fd6f]" name="test2" duration-ms="1196" started-at="2022-06-04T06:36:03Z" finished-at="2022-06-04T06:36:04Z">
          <reporter-output>
          </reporter-output>
        </test-method> <!-- test2 -->
      </class> <!-- restAPIXML.XMLTest -->
    </test> <!-- Default test -->
  </suite> <!-- Default suite -->
</testng-results>
